android/app/build/intermediates/manifest_merge_blame_file/debug/manifest-merger-blame-debug-report.txt
1<?xml version="1.0" encoding="utf-8"?>
2<manifest xmlns:android="http://schemas.android.com/apk/res/android"
3    package="com.servatafarinan"
4    android:versionCode="1"
5    android:versionName="1.0" >
6
7    <uses-sdk
8        android:minSdkVersion="21"
9        android:targetSdkVersion="29" />
10
11    <uses-permission android:name="android.permission.SYSTEM_ALERT_WINDOW" />
11-->src\debug\AndroidManifest.xml:5:5-77
11-->src\debug\AndroidManifest.xml:5:22-75
12    <uses-permission android:name="android.permission.INTERNET" />
12-->src\main\AndroidManifest.xml:4:5-67
12-->src\main\AndroidManifest.xml:4:22-64
13    <uses-permission android:name="android.permission.CAMERA" />
13-->src\main\AndroidManifest.xml:5:5-65
13-->src\main\AndroidManifest.xml:5:22-62
14    <uses-permission android:name="android.permission.READ_EXTERNAL_STORAGE" />
14-->src\main\AndroidManifest.xml:6:5-80
14-->src\main\AndroidManifest.xml:6:22-77
15    <uses-permission android:name="android.permission.WRITE_EXTERNAL_STORAGE" />
15-->src\main\AndroidManifest.xml:7:5-81
15-->src\main\AndroidManifest.xml:7:22-78
16    <uses-permission android:name="android.permission.WAKE_LOCK" />
16-->src\main\AndroidManifest.xml:8:5-68
16-->src\main\AndroidManifest.xml:8:22-65
17
18    <permission
18-->src\main\AndroidManifest.xml:9:5-112
19        android:name="com.servatafarinan.permission.C2D_MESSAGE"
19-->src\main\AndroidManifest.xml:9:17-73
20        android:protectionLevel="signature" />
20-->src\main\AndroidManifest.xml:9:74-109
21
22    <uses-permission android:name="com.servatafarinan.permission.C2D_MESSAGE" />
22-->src\main\AndroidManifest.xml:10:5-81
22-->src\main\AndroidManifest.xml:10:22-78
23    <uses-permission android:name="android.permission.VIBRATE" />
23-->src\main\AndroidManifest.xml:11:5-66
23-->src\main\AndroidManifest.xml:11:22-63
24    <uses-permission android:name="android.permission.RECEIVE_BOOT_COMPLETED" />
24-->src\main\AndroidManifest.xml:12:5-81
24-->src\main\AndroidManifest.xml:12:22-78
25
26    <uses-feature
26-->src\main\AndroidManifest.xml:13:5-85
27        android:name="android.hardware.camera"
27-->src\main\AndroidManifest.xml:13:19-57
28        android:required="false" />
28-->src\main\AndroidManifest.xml:13:58-82
29    <uses-feature
29-->src\main\AndroidManifest.xml:14:5-91
30        android:name="android.hardware.camera.front"
30-->src\main\AndroidManifest.xml:14:19-63
31        android:required="false" />
31-->src\main\AndroidManifest.xml:14:64-88
32
33    <uses-permission android:name="android.permission.ACCESS_WIFI_STATE" />
33-->[com.facebook.flipper:flipper:0.37.0] AndroidManifest.xml:16:5-76
33-->[com.facebook.flipper:flipper:0.37.0] AndroidManifest.xml:16:22-73
34    <uses-permission android:name="android.permission.ACCESS_NETWORK_STATE" />
34-->[:react-native-community_netinfo] AndroidManifest.xml:9:5-79
34-->[:react-native-community_netinfo] AndroidManifest.xml:9:22-76
35
36    <queries>
36-->[:react-native-image-crop-picker] AndroidManifest.xml:10:5-14:15
37        <intent>
37-->[:react-native-image-crop-picker] AndroidManifest.xml:11:9-13:18
38            <action android:name="android.media.action.IMAGE_CAPTURE" />
38-->[:react-native-image-crop-picker] AndroidManifest.xml:12:13-73
38-->[:react-native-image-crop-picker] AndroidManifest.xml:12:21-70
39        </intent>
40    </queries> <!-- Required to access Google Play Licensing -->
41    <uses-permission android:name="com.android.vending.CHECK_LICENSE" /> <!-- Required by older versions of Google Play services to create IID tokens -->
41-->[:rn-fetch-blob] AndroidManifest.xml:12:5-73
41-->[:rn-fetch-blob] AndroidManifest.xml:12:22-70
42    <uses-permission android:name="com.google.android.c2dm.permission.RECEIVE" /> <!-- for android -->
42-->[com.google.android.gms:play-services-iid:17.0.0] AndroidManifest.xml:23:5-82
42-->[com.google.android.gms:play-services-iid:17.0.0] AndroidManifest.xml:23:22-79
43    <!-- <uses-permission android:name="com.android.launcher.permission.READ_SETTINGS"/> -->
44    <!-- <uses-permission android:name="com.android.launcher.permission.WRITE_SETTINGS"/> -->
45    <!-- <uses-permission android:name="com.android.launcher.permission.INSTALL_SHORTCUT" /> -->
46    <!-- <uses-permission android:name="com.android.launcher.permission.UNINSTALL_SHORTCUT" /> -->
47    <!-- for Samsung -->
48    <uses-permission android:name="com.sec.android.provider.badge.permission.READ" />
48-->[me.leolin:ShortcutBadger:1.1.22] AndroidManifest.xml:19:5-86
48-->[me.leolin:ShortcutBadger:1.1.22] AndroidManifest.xml:19:22-83
49    <uses-permission android:name="com.sec.android.provider.badge.permission.WRITE" /> <!-- for htc -->
49-->[me.leolin:ShortcutBadger:1.1.22] AndroidManifest.xml:20:5-87
49-->[me.leolin:ShortcutBadger:1.1.22] AndroidManifest.xml:20:22-84
50    <uses-permission android:name="com.htc.launcher.permission.READ_SETTINGS" />
50-->[me.leolin:ShortcutBadger:1.1.22] AndroidManifest.xml:23:5-81
50-->[me.leolin:ShortcutBadger:1.1.22] AndroidManifest.xml:23:22-78
51    <uses-permission android:name="com.htc.launcher.permission.UPDATE_SHORTCUT" /> <!-- for sony -->
51-->[me.leolin:ShortcutBadger:1.1.22] AndroidManifest.xml:24:5-83
51-->[me.leolin:ShortcutBadger:1.1.22] AndroidManifest.xml:24:22-80
52    <uses-permission android:name="com.sonyericsson.home.permission.BROADCAST_BADGE" />
52-->[me.leolin:ShortcutBadger:1.1.22] AndroidManifest.xml:27:5-88
52-->[me.leolin:ShortcutBadger:1.1.22] AndroidManifest.xml:27:22-85
53    <uses-permission android:name="com.sonymobile.home.permission.PROVIDER_INSERT_BADGE" /> <!-- for apex -->
53-->[me.leolin:ShortcutBadger:1.1.22] AndroidManifest.xml:28:5-92
53-->[me.leolin:ShortcutBadger:1.1.22] AndroidManifest.xml:28:22-89
54    <uses-permission android:name="com.anddoes.launcher.permission.UPDATE_COUNT" /> <!-- for solid -->
54-->[me.leolin:ShortcutBadger:1.1.22] AndroidManifest.xml:31:5-84
54-->[me.leolin:ShortcutBadger:1.1.22] AndroidManifest.xml:31:22-81
55    <uses-permission android:name="com.majeur.launcher.permission.UPDATE_BADGE" /> <!-- for huawei -->
55-->[me.leolin:ShortcutBadger:1.1.22] AndroidManifest.xml:34:5-83
55-->[me.leolin:ShortcutBadger:1.1.22] AndroidManifest.xml:34:22-80
56    <uses-permission android:name="com.huawei.android.launcher.permission.CHANGE_BADGE" />
56-->[me.leolin:ShortcutBadger:1.1.22] AndroidManifest.xml:37:5-91
56-->[me.leolin:ShortcutBadger:1.1.22] AndroidManifest.xml:37:22-88
57    <uses-permission android:name="com.huawei.android.launcher.permission.READ_SETTINGS" />
57-->[me.leolin:ShortcutBadger:1.1.22] AndroidManifest.xml:38:5-92
57-->[me.leolin:ShortcutBadger:1.1.22] AndroidManifest.xml:38:22-89
58    <uses-permission android:name="com.huawei.android.launcher.permission.WRITE_SETTINGS" /> <!-- for ZUK -->
58-->[me.leolin:ShortcutBadger:1.1.22] AndroidManifest.xml:39:5-93
58-->[me.leolin:ShortcutBadger:1.1.22] AndroidManifest.xml:39:22-90
59    <uses-permission android:name="android.permission.READ_APP_BADGE" /> <!-- for OPPO -->
59-->[me.leolin:ShortcutBadger:1.1.22] AndroidManifest.xml:42:5-73
59-->[me.leolin:ShortcutBadger:1.1.22] AndroidManifest.xml:42:22-70
60    <uses-permission android:name="com.oppo.launcher.permission.READ_SETTINGS" />
60-->[me.leolin:ShortcutBadger:1.1.22] AndroidManifest.xml:45:5-82
60-->[me.leolin:ShortcutBadger:1.1.22] AndroidManifest.xml:45:22-79
61    <uses-permission android:name="com.oppo.launcher.permission.WRITE_SETTINGS" /> <!-- for EvMe -->
61-->[me.leolin:ShortcutBadger:1.1.22] AndroidManifest.xml:46:5-83
61-->[me.leolin:ShortcutBadger:1.1.22] AndroidManifest.xml:46:22-80
62    <uses-permission android:name="me.everything.badger.permission.BADGE_COUNT_READ" />
62-->[me.leolin:ShortcutBadger:1.1.22] AndroidManifest.xml:49:5-88
62-->[me.leolin:ShortcutBadger:1.1.22] AndroidManifest.xml:49:22-85
63    <uses-permission android:name="me.everything.badger.permission.BADGE_COUNT_WRITE" />
63-->[me.leolin:ShortcutBadger:1.1.22] AndroidManifest.xml:50:5-89
63-->[me.leolin:ShortcutBadger:1.1.22] AndroidManifest.xml:50:22-86
64    <uses-permission android:name="com.google.android.finsky.permission.BIND_GET_INSTALL_REFERRER_SERVICE" />
64-->[com.google.android.gms:play-services-measurement:19.0.0] AndroidManifest.xml:26:5-110
64-->[com.google.android.gms:play-services-measurement:19.0.0] AndroidManifest.xml:26:22-107
65
66    <application
66-->src\main\AndroidManifest.xml:15:5-88:19
67        android:name="com.servatafarinan.MainApplication"
67-->src\main\AndroidManifest.xml:15:19-50
68        android:allowBackup="false"
68-->src\main\AndroidManifest.xml:15:201-228
69        android:appComponentFactory="androidx.core.app.CoreComponentFactory"
69-->[androidx.core:core:1.3.2] AndroidManifest.xml:24:18-86
70        android:debuggable="true"
71        android:icon="@mipmap/ic_launcher"
71-->src\main\AndroidManifest.xml:15:120-154
72        android:label="@string/app_name"
72-->src\main\AndroidManifest.xml:15:51-83
73        android:requestLegacyExternalStorage="true"
73-->src\main\AndroidManifest.xml:15:229-272
74        android:roundIcon="@mipmap/ic_launcher_round"
74-->src\main\AndroidManifest.xml:15:155-200
75        android:theme="@style/AppTheme"
75-->src\main\AndroidManifest.xml:15:273-304
76        android:usesCleartextTraffic="true" >
76-->src\main\AndroidManifest.xml:15:84-119
77        <activity
77-->src\main\AndroidManifest.xml:16:9-28:20
78            android:name="com.servatafarinan.MainActivity"
78-->src\main\AndroidManifest.xml:16:19-47
79            android:configChanges="keyboard|keyboardHidden|orientation|screenSize|uiMode"
79-->src\main\AndroidManifest.xml:16:81-158
80            android:label="@string/app_name"
80-->src\main\AndroidManifest.xml:16:48-80
81            android:launchMode="singleTask"
81-->src\main\AndroidManifest.xml:16:159-190
82            android:windowSoftInputMode="adjustResize" >
82-->src\main\AndroidManifest.xml:16:191-233
83            <intent-filter>
83-->src\main\AndroidManifest.xml:17:13-21:29
84                <action android:name="android.intent.action.MAIN" />
84-->src\main\AndroidManifest.xml:18:17-69
84-->src\main\AndroidManifest.xml:18:25-66
85
86                <category android:name="android.intent.category.LAUNCHER" />
86-->src\main\AndroidManifest.xml:19:17-77
86-->src\main\AndroidManifest.xml:19:27-74
87
88                <action android:name="android.intent.action.DOWNLOAD_COMPLETE" />
88-->src\main\AndroidManifest.xml:20:17-82
88-->src\main\AndroidManifest.xml:20:25-79
89            </intent-filter>
90            <intent-filter android:label="filter_react_native" >
90-->src\main\AndroidManifest.xml:22:13-27:29
90-->src\main\AndroidManifest.xml:22:28-63
91                <action android:name="android.intent.action.VIEW" />
91-->src\main\AndroidManifest.xml:23:17-69
91-->src\main\AndroidManifest.xml:23:25-66
92
93                <category android:name="android.intent.category.DEFAULT" />
93-->src\main\AndroidManifest.xml:24:17-76
93-->src\main\AndroidManifest.xml:24:27-73
94                <category android:name="android.intent.category.BROWSABLE" />
94-->src\main\AndroidManifest.xml:25:17-78
94-->src\main\AndroidManifest.xml:25:27-75
95
96                <data
96-->src\main\AndroidManifest.xml:26:17-80
97                    android:host="payment"
97-->src\main\AndroidManifest.xml:26:55-77
98                    android:scheme="servatafarinan" />
98-->src\main\AndroidManifest.xml:26:23-54
99            </intent-filter>
100        </activity>
101        <activity android:name="com.facebook.react.devsupport.DevSettingsActivity" /> <!-- Change the value to true to enable pop-up for in foreground (remote-only, for local use ignoreInForeground) -->
101-->src\main\AndroidManifest.xml:30:9-86
101-->src\main\AndroidManifest.xml:30:19-83
102        <meta-data
102-->src\main\AndroidManifest.xml:33:9-120
103            android:name="com.dieam.reactnativepushnotification.notification_foreground"
103-->src\main\AndroidManifest.xml:33:20-96
104            android:value="true" /> <!-- Change the resource name to your App's accent color - or any other color you want -->
104-->src\main\AndroidManifest.xml:33:97-117
105        <meta-data
105-->src\main\AndroidManifest.xml:35:9-126
106            android:name="com.dieam.reactnativepushnotification.notification_color"
106-->src\main\AndroidManifest.xml:35:20-91
107            android:resource="@color/white" /> <!-- or @android:color/{name} to use a standard color -->
107-->src\main\AndroidManifest.xml:35:92-123
108        <receiver android:name="com.dieam.reactnativepushnotification.modules.RNPushNotificationActions" />
108-->src\main\AndroidManifest.xml:37:9-108
108-->src\main\AndroidManifest.xml:37:19-105
109        <receiver android:name="com.dieam.reactnativepushnotification.modules.RNPushNotificationPublisher" />
109-->src\main\AndroidManifest.xml:38:9-110
109-->src\main\AndroidManifest.xml:38:19-107
110        <receiver android:name="com.dieam.reactnativepushnotification.modules.RNPushNotificationBootEventReceiver" >
110-->src\main\AndroidManifest.xml:39:9-45:20
110-->src\main\AndroidManifest.xml:39:19-115
111            <intent-filter>
111-->src\main\AndroidManifest.xml:40:13-44:29
112                <action android:name="android.intent.action.BOOT_COMPLETED" />
112-->src\main\AndroidManifest.xml:41:17-79
112-->src\main\AndroidManifest.xml:41:25-76
113                <action android:name="android.intent.action.QUICKBOOT_POWERON" />
113-->src\main\AndroidManifest.xml:42:17-82
113-->src\main\AndroidManifest.xml:42:25-79
114                <action android:name="com.htc.intent.action.QUICKBOOT_POWERON" />
114-->src\main\AndroidManifest.xml:43:17-82
114-->src\main\AndroidManifest.xml:43:25-79
115            </intent-filter>
116        </receiver>
117
118        <service
118-->src\main\AndroidManifest.xml:47:9-51:19
119            android:name="com.dieam.reactnativepushnotification.modules.RNPushNotificationListenerService"
119-->src\main\AndroidManifest.xml:47:18-112
120            android:exported="false" >
120-->src\main\AndroidManifest.xml:47:113-137
121            <intent-filter>
121-->src\main\AndroidManifest.xml:48:13-50:29
122                <action android:name="com.google.firebase.MESSAGING_EVENT" />
122-->src\main\AndroidManifest.xml:49:17-78
122-->src\main\AndroidManifest.xml:49:25-75
123            </intent-filter>
124        </service> <!-- firebase -->
125        <!-- If we want to schedule local notifications, we must also add the following -->
126        <receiver android:name="io.invertase.firebase.notifications.RNFirebaseNotificationReceiver" />
126-->src\main\AndroidManifest.xml:56:1-94
126-->src\main\AndroidManifest.xml:56:11-92
127        <receiver
127-->src\main\AndroidManifest.xml:57:1-67:12
128            android:name="io.invertase.firebase.notifications.RNFirebaseNotificationsRebootReceiver"
128-->src\main\AndroidManifest.xml:60:3-91
129            android:enabled="true"
129-->src\main\AndroidManifest.xml:58:3-25
130            android:exported="true" >
130-->src\main\AndroidManifest.xml:59:3-26
131            <intent-filter>
131-->src\main\AndroidManifest.xml:61:3-66:19
132                <action android:name="android.intent.action.BOOT_COMPLETED" />
132-->src\main\AndroidManifest.xml:41:17-79
132-->src\main\AndroidManifest.xml:41:25-76
133                <action android:name="android.intent.action.QUICKBOOT_POWERON" />
133-->src\main\AndroidManifest.xml:42:17-82
133-->src\main\AndroidManifest.xml:42:25-79
134                <action android:name="com.htc.intent.action.QUICKBOOT_POWERON" />
134-->src\main\AndroidManifest.xml:43:17-82
134-->src\main\AndroidManifest.xml:43:25-79
135
136                <category android:name="android.intent.category.DEFAULT" />
136-->src\main\AndroidManifest.xml:24:17-76
136-->src\main\AndroidManifest.xml:24:27-73
137            </intent-filter>
138        </receiver>
139        <receiver
139-->src\main\AndroidManifest.xml:68:1-72:12
140            android:name="io.invertase.firebase.notifications.RNFirebaseBackgroundNotificationActionReceiver"
140-->src\main\AndroidManifest.xml:68:11-108
141            android:exported="true" >
141-->src\main\AndroidManifest.xml:68:109-132
142            <intent-filter>
142-->src\main\AndroidManifest.xml:69:1-71:17
143                <action android:name="io.invertase.firebase.notifications.BackgroundAction" />
143-->src\main\AndroidManifest.xml:70:3-80
143-->src\main\AndroidManifest.xml:70:11-78
144            </intent-filter>
145        </receiver>
146
147        <service android:name="io.invertase.firebase.notifications.RNFirebaseBackgroundNotificationActionsService" />
147-->src\main\AndroidManifest.xml:73:1-109
147-->src\main\AndroidManifest.xml:73:10-107
148        <service android:name="io.invertase.firebase.messaging.RNFirebaseMessagingService" >
148-->src\main\AndroidManifest.xml:76:9-80:19
148-->src\main\AndroidManifest.xml:76:18-91
149            <intent-filter>
149-->src\main\AndroidManifest.xml:48:13-50:29
150                <action android:name="com.google.firebase.MESSAGING_EVENT" />
150-->src\main\AndroidManifest.xml:49:17-78
150-->src\main\AndroidManifest.xml:49:25-75
151            </intent-filter>
152        </service> <!-- Background Messages (Optional) -->
153        <service android:name="io.invertase.firebase.messaging.RNFirebaseBackgroundMessagingService" />
153-->src\main\AndroidManifest.xml:84:9-104
153-->src\main\AndroidManifest.xml:84:18-101
154
155        <meta-data
155-->[:react-native-firebase_analytics] AndroidManifest.xml:16:9-18:36
156            android:name="firebase_analytics_collection_enabled"
156-->[:react-native-firebase_analytics] AndroidManifest.xml:17:13-65
157            android:value="true" /> <!-- Disable crashlytics by default so we can custom init with CrashlyticsNdk support -->
157-->[:react-native-firebase_analytics] AndroidManifest.xml:18:13-33
158        <meta-data
158-->[:react-native-firebase_crashlytics] AndroidManifest.xml:14:9-16:37
159            android:name="firebase_crashlytics_collection_enabled"
159-->[:react-native-firebase_crashlytics] AndroidManifest.xml:15:13-67
160            android:value="false" />
160-->[:react-native-firebase_crashlytics] AndroidManifest.xml:16:13-34
161
162        <provider
162-->[:react-native-firebase_crashlytics] AndroidManifest.xml:18:9-22:38
163            android:name="io.invertase.firebase.crashlytics.ReactNativeFirebaseCrashlyticsInitProvider"
163-->[:react-native-firebase_crashlytics] AndroidManifest.xml:19:13-104
164            android:authorities="com.servatafarinan.reactnativefirebasecrashlyticsinitprovider"
164-->[:react-native-firebase_crashlytics] AndroidManifest.xml:20:13-94
165            android:exported="false"
165-->[:react-native-firebase_crashlytics] AndroidManifest.xml:21:13-37
166            android:initOrder="98" />
166-->[:react-native-firebase_crashlytics] AndroidManifest.xml:22:13-35
167
168        <service android:name="io.invertase.firebase.messaging.ReactNativeFirebaseMessagingHeadlessService" />
168-->[:react-native-firebase_messaging] AndroidManifest.xml:16:9-111
168-->[:react-native-firebase_messaging] AndroidManifest.xml:16:18-108
169        <service
169-->[:react-native-firebase_messaging] AndroidManifest.xml:17:9-23:19
170            android:name="io.invertase.firebase.messaging.ReactNativeFirebaseMessagingService"
170-->[:react-native-firebase_messaging] AndroidManifest.xml:18:13-95
171            android:exported="false" >
171-->[:react-native-firebase_messaging] AndroidManifest.xml:19:13-37
172            <intent-filter>
172-->src\main\AndroidManifest.xml:48:13-50:29
173                <action android:name="com.google.firebase.MESSAGING_EVENT" />
173-->src\main\AndroidManifest.xml:49:17-78
173-->src\main\AndroidManifest.xml:49:25-75
174            </intent-filter>
175        </service>
176
177        <receiver
177-->[:react-native-firebase_messaging] AndroidManifest.xml:25:9-32:20
178            android:name="io.invertase.firebase.messaging.ReactNativeFirebaseMessagingReceiver"
178-->[:react-native-firebase_messaging] AndroidManifest.xml:26:13-96
179            android:exported="true"
179-->[:react-native-firebase_messaging] AndroidManifest.xml:27:13-36
180            android:permission="com.google.android.c2dm.permission.SEND" >
180-->[:react-native-firebase_messaging] AndroidManifest.xml:28:13-73
181            <intent-filter>
181-->[:react-native-firebase_messaging] AndroidManifest.xml:29:13-31:29
182                <action android:name="com.google.android.c2dm.intent.RECEIVE" />
182-->[:react-native-firebase_messaging] AndroidManifest.xml:30:17-81
182-->[:react-native-firebase_messaging] AndroidManifest.xml:30:25-78
183            </intent-filter>
184        </receiver>
185
186        <meta-data
186-->[:react-native-firebase_messaging] AndroidManifest.xml:34:9-36:36
187            android:name="firebase_messaging_auto_init_enabled"
187-->[:react-native-firebase_messaging] AndroidManifest.xml:35:13-64
188            android:value="true" />
188-->[:react-native-firebase_messaging] AndroidManifest.xml:36:13-33
189        <meta-data
189-->[:react-native-firebase_messaging] AndroidManifest.xml:37:9-39:32
190            android:name="com.google.firebase.messaging.default_notification_channel_id"
190-->[:react-native-firebase_messaging] AndroidManifest.xml:38:13-89
191            android:value="" />
191-->[:react-native-firebase_messaging] AndroidManifest.xml:39:13-29
192        <meta-data
192-->[:react-native-firebase_messaging] AndroidManifest.xml:40:9-42:47
193            android:name="com.google.firebase.messaging.default_notification_color"
193-->[:react-native-firebase_messaging] AndroidManifest.xml:41:13-84
194            android:resource="@color/white" />
194-->[:react-native-firebase_messaging] AndroidManifest.xml:42:13-44
195
196        <receiver
196-->[:react-native-device-info] AndroidManifest.xml:13:9-22:20
197            android:name="com.learnium.RNDeviceInfo.RNDeviceReceiver"
197-->[:react-native-device-info] AndroidManifest.xml:14:13-70
198            android:enabled="true"
198-->[:react-native-device-info] AndroidManifest.xml:15:13-35
199            android:exported="true"
199-->[:react-native-device-info] AndroidManifest.xml:16:13-36
200            android:permission="android.permission.INSTALL_PACKAGES" >
200-->[:react-native-device-info] AndroidManifest.xml:17:13-69
201            <intent-filter>
201-->[:react-native-device-info] AndroidManifest.xml:19:13-21:29
202                <action android:name="com.android.vending.INSTALL_REFERRER" />
202-->[:react-native-device-info] AndroidManifest.xml:20:17-79
202-->[:react-native-device-info] AndroidManifest.xml:20:25-76
203            </intent-filter>
204        </receiver>
205
206        <provider
206-->[:react-native-file-viewer] AndroidManifest.xml:12:9-20:20
207            android:name="com.vinzscam.reactnativefileviewer.FileProvider"
207-->[:react-native-file-viewer] AndroidManifest.xml:13:13-75
208            android:authorities="com.servatafarinan.provider"
208-->[:react-native-file-viewer] AndroidManifest.xml:14:13-60
209            android:exported="false"
209-->[:react-native-file-viewer] AndroidManifest.xml:15:13-37
210            android:grantUriPermissions="true" >
210-->[:react-native-file-viewer] AndroidManifest.xml:16:13-47
211            <meta-data
211-->[:react-native-file-viewer] AndroidManifest.xml:17:13-19:70
212                android:name="android.support.FILE_PROVIDER_PATHS"
212-->[:react-native-file-viewer] AndroidManifest.xml:18:17-67
213                android:resource="@xml/file_viewer_provider_paths" />
213-->[:react-native-file-viewer] AndroidManifest.xml:19:17-67
214        </provider>
215        <provider
215-->[:react-native-image-crop-picker] AndroidManifest.xml:19:9-27:20
216            android:name="androidx.core.content.FileProvider"
216-->[:react-native-image-crop-picker] AndroidManifest.xml:20:13-62
217            android:authorities="com.servatafarinan.provider"
217-->[:react-native-image-crop-picker] AndroidManifest.xml:21:13-60
218            android:exported="false"
218-->[:react-native-image-crop-picker] AndroidManifest.xml:22:13-37
219            android:grantUriPermissions="true" >
219-->[:react-native-image-crop-picker] AndroidManifest.xml:23:13-47
220            <meta-data
220-->[:react-native-file-viewer] AndroidManifest.xml:17:13-19:70
221                android:name="android.support.FILE_PROVIDER_PATHS"
221-->[:react-native-file-viewer] AndroidManifest.xml:18:17-67
222                android:resource="@xml/provider_paths" />
222-->[:react-native-file-viewer] AndroidManifest.xml:19:17-67
223        </provider>
224
225        <activity
225-->[:react-native-image-crop-picker] AndroidManifest.xml:29:9-31:72
226            android:name="com.yalantis.ucrop.UCropActivity"
226-->[:react-native-image-crop-picker] AndroidManifest.xml:30:13-60
227            android:theme="@style/Theme.AppCompat.Light.NoActionBar" />
227-->[:react-native-image-crop-picker] AndroidManifest.xml:31:13-69
228
229        <provider
229-->[:react-native-share] AndroidManifest.xml:12:9-20:20
230            android:name="cl.json.RNShareFileProvider"
230-->[:react-native-share] AndroidManifest.xml:13:13-55
231            android:authorities="com.servatafarinan.rnshare.fileprovider"
231-->[:react-native-share] AndroidManifest.xml:14:13-72
232            android:exported="false"
232-->[:react-native-share] AndroidManifest.xml:15:13-37
233            android:grantUriPermissions="true" >
233-->[:react-native-share] AndroidManifest.xml:16:13-47
234            <meta-data
234-->[:react-native-file-viewer] AndroidManifest.xml:17:13-19:70
235                android:name="android.support.FILE_PROVIDER_PATHS"
235-->[:react-native-file-viewer] AndroidManifest.xml:18:17-67
236                android:resource="@xml/share_download_paths" />
236-->[:react-native-file-viewer] AndroidManifest.xml:19:17-67
237        </provider>
238        <provider
238-->[:react-native-webview] AndroidManifest.xml:12:9-20:20
239            android:name="com.reactnativecommunity.webview.RNCWebViewFileProvider"
239-->[:react-native-webview] AndroidManifest.xml:13:13-83
240            android:authorities="com.servatafarinan.fileprovider"
240-->[:react-native-webview] AndroidManifest.xml:14:13-64
241            android:exported="false"
241-->[:react-native-webview] AndroidManifest.xml:15:13-37
242            android:grantUriPermissions="true" >
242-->[:react-native-webview] AndroidManifest.xml:16:13-47
243            <meta-data
243-->[:react-native-file-viewer] AndroidManifest.xml:17:13-19:70
244                android:name="android.support.FILE_PROVIDER_PATHS"
244-->[:react-native-file-viewer] AndroidManifest.xml:18:17-67
245                android:resource="@xml/file_provider_paths" />
245-->[:react-native-file-viewer] AndroidManifest.xml:19:17-67
246        </provider>
247        <provider
247-->[:rn-fetch-blob] AndroidManifest.xml:36:9-44:20
248            android:name="com.RNFetchBlob.Utils.FileProvider"
248-->[:rn-fetch-blob] AndroidManifest.xml:37:13-62
249            android:authorities="com.servatafarinan.provider"
249-->[:rn-fetch-blob] AndroidManifest.xml:38:13-60
250            android:exported="false"
250-->[:rn-fetch-blob] AndroidManifest.xml:39:13-37
251            android:grantUriPermissions="true" >
251-->[:rn-fetch-blob] AndroidManifest.xml:40:13-47
252            <meta-data
252-->[:react-native-file-viewer] AndroidManifest.xml:17:13-19:70
253                android:name="android.support.FILE_PROVIDER_PATHS"
253-->[:react-native-file-viewer] AndroidManifest.xml:18:17-67
254                android:resource="@xml/provider_paths" />
254-->[:react-native-file-viewer] AndroidManifest.xml:19:17-67
255        </provider>
256
257        <activity
257-->[com.google.android.gms:play-services-auth:19.0.0] AndroidManifest.xml:23:9-27:75
258            android:name="com.google.android.gms.auth.api.signin.internal.SignInHubActivity"
258-->[com.google.android.gms:play-services-auth:19.0.0] AndroidManifest.xml:24:13-93
259            android:excludeFromRecents="true"
259-->[com.google.android.gms:play-services-auth:19.0.0] AndroidManifest.xml:25:13-46
260            android:exported="false"
260-->[com.google.android.gms:play-services-auth:19.0.0] AndroidManifest.xml:26:13-37
261            android:theme="@android:style/Theme.Translucent.NoTitleBar" />
261-->[com.google.android.gms:play-services-auth:19.0.0] AndroidManifest.xml:27:13-72
262        <!--
263            Service handling Google Sign-In user revocation. For apps that do not integrate with
264            Google Sign-In, this service will never be started.
265        -->
266        <service
266-->[com.google.android.gms:play-services-auth:19.0.0] AndroidManifest.xml:33:9-37:51
267            android:name="com.google.android.gms.auth.api.signin.RevocationBoundService"
267-->[com.google.android.gms:play-services-auth:19.0.0] AndroidManifest.xml:34:13-89
268            android:exported="true"
268-->[com.google.android.gms:play-services-auth:19.0.0] AndroidManifest.xml:35:13-36
269            android:permission="com.google.android.gms.auth.api.signin.permission.REVOCATION_NOTIFICATION"
269-->[com.google.android.gms:play-services-auth:19.0.0] AndroidManifest.xml:36:13-107
270            android:visibleToInstantApps="true" />
270-->[com.google.android.gms:play-services-auth:19.0.0] AndroidManifest.xml:37:13-48
271
272        <activity
272-->[com.google.android.gms:play-services-base:17.3.0] AndroidManifest.xml:23:9-26:75
273            android:name="com.google.android.gms.common.api.GoogleApiActivity"
273-->[com.google.android.gms:play-services-base:17.3.0] AndroidManifest.xml:24:13-79
274            android:exported="false"
274-->[com.google.android.gms:play-services-base:17.3.0] AndroidManifest.xml:25:13-37
275            android:theme="@android:style/Theme.Translucent.NoTitleBar" />